<?xml version="1.0" encoding="UTF-8"?>
<testng-results total="1" passed="1" failed="0" skipped="0">
  <reporter-output>
  </reporter-output>
  <suite started-at="2019-09-17T11:32:55Z" name="Default suite" finished-at="2019-09-17T11:32:56Z" duration-ms="981">
    <groups>
    </groups>
    <test started-at="2019-09-17T11:32:55Z" name="Default test" finished-at="2019-09-17T11:32:56Z" duration-ms="981">
      <class name="apiFramework.apiFramework.apiTest">
        <test-method signature="testStatusCode()[pri:0, instance:apiFramework.apiFramework.apiTest@1a052a00]" started-at="2019-09-17T17:02:55Z" name="testStatusCode" finished-at="2019-09-17T17:02:56Z" duration-ms="971" status="PASS">
          <reporter-output>
          </reporter-output>
        </test-method> <!-- testStatusCode -->
      </class> <!-- apiFramework.apiFramework.apiTest -->
    </test> <!-- Default test -->
  </suite> <!-- Default suite -->
</testng-results>
